\BOOKMARK [1][-]{section.1}{Definition}{}% 1
\BOOKMARK [2][-]{subsection.1.1}{Operational Data Stores vs. Data Warehouses}{section.1}% 2
\BOOKMARK [1][-]{section.2}{Reference Architecture}{}% 3
\BOOKMARK [2][-]{subsection.2.1}{Requirements of a DW architecture:}{section.2}% 4
\BOOKMARK [2][-]{subsection.2.2}{Static View of a DW Architecture}{section.2}% 5
\BOOKMARK [2][-]{subsection.2.3}{Dynamic View of a DW Architecture}{section.2}% 6
\BOOKMARK [2][-]{subsection.2.4}{Components of a DW System}{section.2}% 7
\BOOKMARK [2][-]{subsection.2.5}{Data Sources}{section.2}% 8
\BOOKMARK [2][-]{subsection.2.6}{Control Components}{section.2}% 9
\BOOKMARK [2][-]{subsection.2.7}{Work Area}{section.2}% 10
\BOOKMARK [2][-]{subsection.2.8}{ETL-Components}{section.2}% 11
\BOOKMARK [3][-]{section*.1}{Extraction Component}{subsection.2.8}% 12
\BOOKMARK [3][-]{section*.2}{Transformation Component}{subsection.2.8}% 13
\BOOKMARK [3][-]{section*.3}{Loading Component}{subsection.2.8}% 14
\BOOKMARK [2][-]{subsection.2.9}{Base Database}{section.2}% 15
\BOOKMARK [2][-]{subsection.2.10}{Data Warehouse}{section.2}% 16
\BOOKMARK [2][-]{subsection.2.11}{Data Marts}{section.2}% 17
\BOOKMARK [2][-]{subsection.2.12}{Metadata Repository}{section.2}% 18
\BOOKMARK [2][-]{subsection.2.13}{Analysis tools}{section.2}% 19
\BOOKMARK [3][-]{section*.4}{OLAP systems}{subsection.2.13}% 20
\BOOKMARK [1][-]{section.3}{Multi-dimensional Data Modeling}{}% 21
\BOOKMARK [2][-]{subsection.3.1}{Schemas and Instances}{section.3}% 22
\BOOKMARK [2][-]{subsection.3.2}{Data cubes}{section.3}% 23
\BOOKMARK [3][-]{section*.5}{Cube Schemas and Instances}{subsection.3.2}% 24
\BOOKMARK [3][-]{section*.6}{Features of Measures}{subsection.3.2}% 25
\BOOKMARK [3][-]{section*.7}{Multi-dimensional Operations}{subsection.3.2}% 26
\BOOKMARK [3][-]{section*.8}{Aggregation}{subsection.3.2}% 27
\BOOKMARK [2][-]{subsection.3.3}{Schema Creation and Updates}{section.3}% 28
\BOOKMARK [1][-]{section.4}{Implementation of the MD Model}{}% 29
\BOOKMARK [2][-]{subsection.4.1}{Relational Storage}{section.4}% 30
\BOOKMARK [3][-]{section*.9}{Snowflake Schema}{subsection.4.1}% 31
\BOOKMARK [3][-]{section*.10}{Star Schema}{subsection.4.1}% 32
\BOOKMARK [2][-]{subsection.4.2}{MD Queries}{section.4}% 33
\BOOKMARK [3][-]{section*.11}{Grouping Sets}{subsection.4.2}% 34
\BOOKMARK [3][-]{section*.12}{Rollup}{subsection.4.2}% 35
\BOOKMARK [3][-]{section*.13}{Cube}{subsection.4.2}% 36
\BOOKMARK [3][-]{section*.14}{Other useful functions}{subsection.4.2}% 37
\BOOKMARK [3][-]{section*.15}{The OVER Clause}{subsection.4.2}% 38
