\BOOKMARK [1][-]{section.1}{Probability Theory}{}% 1
\BOOKMARK [2][-]{subsection.1.1}{Basics}{section.1}% 2
\BOOKMARK [3][-]{section*.2}{Machine Learning}{subsection.1.1}% 3
\BOOKMARK [3][-]{section*.3}{Random Variables}{subsection.1.1}% 4
\BOOKMARK [3][-]{section*.4}{Expectation}{subsection.1.1}% 5
\BOOKMARK [3][-]{section*.5}{Covariance}{subsection.1.1}% 6
\BOOKMARK [3][-]{section*.6}{The Gaussian Distribution}{subsection.1.1}% 7
\BOOKMARK [2][-]{subsection.1.2}{Rules of Probabilities}{section.1}% 8
\BOOKMARK [3][-]{section*.7}{Sum Rule}{subsection.1.2}% 9
\BOOKMARK [3][-]{section*.8}{Product Rule}{subsection.1.2}% 10
\BOOKMARK [3][-]{section*.9}{Bayes' Theorem}{subsection.1.2}% 11
\BOOKMARK [3][-]{section*.10}{Likelihood}{subsection.1.2}% 12
\BOOKMARK [3][-]{section*.11}{Independent Variables}{subsection.1.2}% 13
\BOOKMARK [2][-]{subsection.1.3}{Probability Densities}{section.1}% 14
\BOOKMARK [2][-]{subsection.1.4}{Conditional Independence}{section.1}% 15
\BOOKMARK [1][-]{section.2}{Distribution Estimation}{}% 16
\BOOKMARK [2][-]{subsection.2.1}{Bayesian Networks}{section.2}% 17
\BOOKMARK [2][-]{subsection.2.2}{Markov Random Fields}{section.2}% 18
\BOOKMARK [2][-]{subsection.2.3}{Mixture of Gaussians}{section.2}% 19
\BOOKMARK [2][-]{subsection.2.4}{Restricted Boltzmann Machines}{section.2}% 20
\BOOKMARK [2][-]{subsection.2.5}{Neural Networks}{section.2}% 21
