\BOOKMARK [1][-]{section.1}{Introduction}{}% 1
\BOOKMARK [1][-]{section.2}{Mass Spring Systems}{}% 2
\BOOKMARK [2][-]{subsection.2.1}{External Forces fExt}{section.2}% 3
\BOOKMARK [2][-]{subsection.2.2}{Internal Forces fInt}{section.2}% 4
\BOOKMARK [2][-]{subsection.2.3}{Spring Topologies and Parameters}{section.2}% 5
\BOOKMARK [2][-]{subsection.2.4}{Equations of Motion}{section.2}% 6
\BOOKMARK [2][-]{subsection.2.5}{Numerical Integration Methods}{section.2}% 7
\BOOKMARK [3][-]{section*.2}{Euler Method}{subsection.2.5}% 8
\BOOKMARK [3][-]{section*.3}{Heun's Method}{subsection.2.5}% 9
\BOOKMARK [3][-]{section*.4}{Midpoint Method}{subsection.2.5}% 10
\BOOKMARK [3][-]{section*.5}{Runge-Kutta Methods}{subsection.2.5}% 11
\BOOKMARK [3][-]{section*.6}{Verlet Method}{subsection.2.5}% 12
\BOOKMARK [3][-]{section*.7}{Leapfrog Method}{subsection.2.5}% 13
\BOOKMARK [3][-]{section*.8}{Implicit Euler}{subsection.2.5}% 14
\BOOKMARK [2][-]{subsection.2.6}{Test Equation}{section.2}% 15
\BOOKMARK [2][-]{subsection.2.7}{Collision Handling}{section.2}% 16
\BOOKMARK [2][-]{subsection.2.8}{Problems of Mass Spring Systems}{section.2}% 17
\BOOKMARK [1][-]{section.3}{Solving PDEs with Finite Elements}{}% 18
\BOOKMARK [2][-]{subsection.3.1}{Types of Differential Equations}{section.3}% 19
\BOOKMARK [3][-]{section*.9}{Ordinary Differential Equations \(ODEs\)}{subsection.3.1}% 20
\BOOKMARK [3][-]{section*.10}{Partial Differential Equations \(PDEs\)}{subsection.3.1}% 21
\BOOKMARK [3][-]{section*.11}{Classification of Second Order PDEs}{subsection.3.1}% 22
\BOOKMARK [2][-]{subsection.3.2}{Initial and Boundary Conditions}{section.3}% 23
\BOOKMARK [2][-]{subsection.3.3}{Solving PDEs}{section.3}% 24
\BOOKMARK [2][-]{subsection.3.4}{Finite Element Method}{section.3}% 25
\BOOKMARK [3][-]{section*.12}{Piecewise Approximation}{subsection.3.4}% 26
\BOOKMARK [3][-]{section*.13}{Derivation of the Element Equation}{subsection.3.4}% 27
\BOOKMARK [3][-]{section*.14}{Linear Triangulation}{subsection.3.4}% 28
\BOOKMARK [3][-]{section*.15}{Assembling the Stiffness Matrix}{subsection.3.4}% 29
\BOOKMARK [3][-]{section*.16}{Right-Hand Side}{subsection.3.4}% 30
\BOOKMARK [1][-]{section.4}{Solving Systems of Equations}{}% 31
\BOOKMARK [2][-]{subsection.4.1}{Jacobi Method}{section.4}% 32
\BOOKMARK [2][-]{subsection.4.2}{Solving an Equivalent Problem}{section.4}% 33
\BOOKMARK [3][-]{section*.17}{Steepest Gradient Method}{subsection.4.2}% 34
\BOOKMARK [3][-]{section*.18}{Conjugate Gradient Method}{subsection.4.2}% 35
\BOOKMARK [2][-]{subsection.4.3}{FEM summary}{section.4}% 36
